Build started 3/9/2017 11:31:00 AM.
     1>Project "C:\Varun\GitHubRepo\ProjectCpp\BigInt\BigInt\BigInt.vcxproj" on node 2 (Build target(s)).
     1>ClCompile:
         C:\Program Files (x86)\Microsoft Visual Studio 12.0\VC\bin\CL.exe /c /IC:\Varun\GitHubRepo\ProjectCpp\BigInt\BigInt\include /ZI /nologo /W3 /WX- /sdl /Od /Oy- /D WIN32 /D _DEBUG /D _WINDOWS /D _UNICODE /D UNICODE /Gm /EHsc /RTC1 /MDd /GS /fp:precise /Zc:wchar_t /Zc:forScope /Fo"Debug\\" /Fd"Debug\vc120.pdb" /Gd /TP /analyze- /errorReport:prompt src\BigInt.cpp src\main.cpp
         main.cpp
         BigInt.cpp
         Generating Code...
     1>c:\varun\githubrepo\projectcpp\bigint\bigint\src\bigint.cpp(178): error C4716: 'PersonalInt::BigInt::Add' : must return a value
     1>c:\varun\githubrepo\projectcpp\bigint\bigint\src\bigint.cpp(227): error C4716: 'PersonalInt::BigInt::operator==' : must return a value
     1>c:\varun\githubrepo\projectcpp\bigint\bigint\src\bigint.cpp(259): error C4716: 'PersonalInt::BigInt::operator<=' : must return a value
     1>c:\varun\githubrepo\projectcpp\bigint\bigint\src\bigint.cpp(289): error C4716: 'PersonalInt::BigInt::operator>=' : must return a value
     1>c:\varun\githubrepo\projectcpp\bigint\bigint\src\bigint.cpp(296): error C4716: 'PersonalInt::operator+' : must return a value
     1>c:\varun\githubrepo\projectcpp\bigint\bigint\src\bigint.cpp(300): error C4716: 'PersonalInt::operator+' : must return a value
     1>c:\varun\githubrepo\projectcpp\bigint\bigint\src\bigint.cpp(304): error C4716: 'PersonalInt::operator+' : must return a value
     1>c:\varun\githubrepo\projectcpp\bigint\bigint\src\bigint.cpp(309): error C4716: 'PersonalInt::operator-' : must return a value
     1>c:\varun\githubrepo\projectcpp\bigint\bigint\src\bigint.cpp(313): error C4716: 'PersonalInt::operator-' : must return a value
     1>c:\varun\githubrepo\projectcpp\bigint\bigint\src\bigint.cpp(317): error C4716: 'PersonalInt::operator-' : must return a value
     1>Done Building Project "C:\Varun\GitHubRepo\ProjectCpp\BigInt\BigInt\BigInt.vcxproj" (Build target(s)) -- FAILED.

Build FAILED.

Time Elapsed 00:00:00.93
